#
# There is insufficient memory for the Java Runtime Environment to continue.
# Native memory allocation (mmap) failed to map 264241152 bytes for G1 virtual space
# Possible reasons:
#   The system is out of physical RAM or swap space
#   The process is running with CompressedOops enabled, and the Java Heap may be blocking the growth of the native heap
# Possible solutions:
#   Reduce memory load on the system
#   Increase physical memory or swap space
#   Check if swap backing store is full
#   Decrease Java heap size (-Xmx/-Xms)
#   Decrease number of Java threads
#   Decrease Java thread stack sizes (-Xss)
#   Set larger code cache with -XX:ReservedCodeCacheSize=
#   JVM is running with Zero Based Compressed Oops mode in which the Java heap is
#     placed in the first 32GB address space. The Java Heap base address is the
#     maximum limit for the native heap growth. Please use -XX:HeapBaseMinAddress
#     to set the Java Heap base and to place the Java Heap above 32GB virtual address.
# This output file may be truncated or incomplete.
#
#  Out of Memory Error (os_windows.cpp:3548), pid=20828, tid=5612
#
# JRE version:  (17.0.10+11) (build )
# Java VM: Java HotSpot(TM) 64-Bit Server VM (17.0.10+11-LTS-240, mixed mode, sharing, tiered, compressed oops, compressed class ptrs, g1 gc, windows-amd64)
# No core dump will be written. Minidumps are not enabled by default on client versions of Windows
#

---------------  S U M M A R Y ------------

Command Line: -Dfile.encoding=utf8 c:\Users\THINK\.vscode\extensions\vscjava.vscode-gradle-3.13.5\lib\gradle-language-server.jar

Host: 11th Gen Intel(R) Core(TM) i5-1135G7 @ 2.40GHz, 8 cores, 15G,  Windows 11 , 64 bit Build 22621 (10.0.22621.3235)
Time: Wed Apr  3 15:27:56 2024 Pakistan Standard Time elapsed time: 0.022622 seconds (0d 0h 0m 0s)

---------------  T H R E A D  ---------------

Current thread (0x000002ccffa76690):  JavaThread "Unknown thread" [_thread_in_vm, id=5612, stack(0x000000d28ac00000,0x000000d28ad00000)]

Stack: [0x000000d28ac00000,0x000000d28ad00000]
Native frames: (J=compiled Java code, j=interpreted, Vv=VM code, C=native code)
V  [jvm.dll+0x677a5a]
V  [jvm.dll+0x7d8b2d]
V  [jvm.dll+0x7da48e]
V  [jvm.dll+0x7daaf3]
V  [jvm.dll+0x2455ff]
V  [jvm.dll+0x6749b9]
V  [jvm.dll+0x669382]
V  [jvm.dll+0x302e96]
V  [jvm.dll+0x30a416]
V  [jvm.dll+0x359cbe]
V  [jvm.dll+0x359eef]
V  [jvm.dll+0x2d9e88]
V  [jvm.dll+0x2dadf4]
V  [jvm.dll+0x7aa551]
V  [jvm.dll+0x367911]
V  [jvm.dll+0x789639]
V  [jvm.dll+0x3eb30f]
V  [jvm.dll+0x3ecd91]
C  [jli.dll+0x5297]
C  [ucrtbase.dll+0x29363]
C  [KERNEL32.DLL+0x1257d]
C  [ntdll.dll+0x5aa58]


---------------  P R O C E S S  ---------------

Threads class SMR info:
_java_thread_list=0x00007ff914946a18, length=0, elements={
}

Java Threads: ( => current thread )

Other Threads:
  0x000002ccffadec20 GCTaskThread "GC Thread#0" [stack: 0x000000d28ad00000,0x000000d28ae00000] [id=1836]
  0x000002ccffaf05a0 ConcurrentGCThread "G1 Main Marker" [stack: 0x000000d28ae00000,0x000000d28af00000] [id=9864]
  0x000002ccffaf0ec0 ConcurrentGCThread "G1 Conc#0" [stack: 0x000000d28af00000,0x000000d28b000000] [id=3568]

[error occurred during error reporting (printing all threads), id 0xc0000005, EXCEPTION_ACCESS_VIOLATION (0xc0000005) at pc=0x00007ff91417aae7]

VM state: not at safepoint (not fully initialized)

VM Mutex/Monitor currently owned by a thread:  ([mutex/lock_event])
[0x000002ccffa73d30] Heap_lock - owner thread: 0x000002ccffa76690

Heap address: 0x0000000704e00000, size: 4018 MB, Compressed Oops mode: Zero based, Oop shift amount: 3

CDS archive(s) mapped at: [0x0000000000000000-0x0000000000000000-0x0000000000000000), size 0, SharedBaseAddress: 0x0000000800000000, ArchiveRelocationMode: 1.
Narrow klass base: 0x0000000000000000, Narrow klass shift: 0, Narrow klass range: 0x0

GC Precious Log:
<Empty>

Heap:
 garbage-first heap   total 0K, used 0K [0x0000000704e00000, 0x0000000800000000)
  region size 2048K, 0 young (0K), 0 survivors (0K)

[error occurred during error reporting (printing heap information), id 0xc0000005, EXCEPTION_ACCESS_VIOLATION (0xc0000005) at pc=0x00007ff914561249]

GC Heap History (0 events):
No events

Deoptimization events (0 events):
No events

Classes unloaded (0 events):
No events

Classes redefined (0 events):
No events

Internal exceptions (0 events):
No events

VM Operations (0 events):
No events

Events (1 events):
Event: 0.013 Loaded shared library C:\Program Files\java\jdk-17\bin\java.dll


Dynamic libraries:
0x00007ff69d620000 - 0x00007ff69d630000 	C:\Program Files\java\jdk-17\bin\java.exe
0x00007ff96f5b0000 - 0x00007ff96f7c6000 	C:\WINDOWS\SYSTEM32\ntdll.dll
0x00007ff96dae0000 - 0x00007ff96dba4000 	C:\WINDOWS\System32\KERNEL32.DLL
0x00007ff96cf50000 - 0x00007ff96d2f6000 	C:\WINDOWS\System32\KERNELBASE.dll
0x00007ff96c9a0000 - 0x00007ff96cab1000 	C:\WINDOWS\System32\ucrtbase.dll
0x00007ff9666c0000 - 0x00007ff9666d9000 	C:\Program Files\java\jdk-17\bin\jli.dll
0x00007ff96da20000 - 0x00007ff96dad2000 	C:\WINDOWS\System32\ADVAPI32.dll
0x00007ff96d970000 - 0x00007ff96da17000 	C:\WINDOWS\System32\msvcrt.dll
0x00007ff96dbc0000 - 0x00007ff96dc68000 	C:\WINDOWS\System32\sechost.dll
0x00007ff9675e0000 - 0x00007ff9675fb000 	C:\Program Files\java\jdk-17\bin\VCRUNTIME140.dll
0x00007ff96ce80000 - 0x00007ff96cea8000 	C:\WINDOWS\System32\bcrypt.dll
0x00007ff96e2e0000 - 0x00007ff96e3f5000 	C:\WINDOWS\System32\RPCRT4.dll
0x00007ff96f360000 - 0x00007ff96f50d000 	C:\WINDOWS\System32\USER32.dll
0x00007ff94ff60000 - 0x00007ff9501f3000 	C:\WINDOWS\WinSxS\amd64_microsoft.windows.common-controls_6595b64144ccf1df_6.0.22621.3235_none_270f74e173860f98\COMCTL32.dll
0x00007ff96ece0000 - 0x00007ff96ed09000 	C:\WINDOWS\System32\GDI32.dll
0x00007ff96c8f0000 - 0x00007ff96c916000 	C:\WINDOWS\System32\win32u.dll
0x00007ff96cac0000 - 0x00007ff96cbd8000 	C:\WINDOWS\System32\gdi32full.dll
0x00007ff96ceb0000 - 0x00007ff96cf4a000 	C:\WINDOWS\System32\msvcp_win.dll
0x00007ff963920000 - 0x00007ff96392a000 	C:\WINDOWS\SYSTEM32\VERSION.dll
0x00007ff96d680000 - 0x00007ff96d6b1000 	C:\WINDOWS\System32\IMM32.DLL
0x00007ff9666b0000 - 0x00007ff9666bc000 	C:\Program Files\java\jdk-17\bin\vcruntime140_1.dll
0x00007ff9488b0000 - 0x00007ff94893e000 	C:\Program Files\java\jdk-17\bin\msvcp140.dll
0x00007ff913e90000 - 0x00007ff914a6f000 	C:\Program Files\java\jdk-17\bin\server\jvm.dll
0x00007ff96d930000 - 0x00007ff96d938000 	C:\WINDOWS\System32\PSAPI.DLL
0x00007ff947410000 - 0x00007ff947419000 	C:\WINDOWS\SYSTEM32\WSOCK32.dll
0x00007ff96dc70000 - 0x00007ff96dce1000 	C:\WINDOWS\System32\WS2_32.dll
0x00007ff961400000 - 0x00007ff961434000 	C:\WINDOWS\SYSTEM32\WINMM.dll
0x00007ff96b8f0000 - 0x00007ff96b908000 	C:\WINDOWS\SYSTEM32\kernel.appcore.dll
0x00007ff962070000 - 0x00007ff96207a000 	C:\Program Files\java\jdk-17\bin\jimage.dll
0x00007ff96a1c0000 - 0x00007ff96a3f3000 	C:\WINDOWS\SYSTEM32\DBGHELP.DLL
0x00007ff96ee10000 - 0x00007ff96f198000 	C:\WINDOWS\System32\combase.dll
0x00007ff96d3b0000 - 0x00007ff96d487000 	C:\WINDOWS\System32\OLEAUT32.dll
0x00007ff950e00000 - 0x00007ff950e32000 	C:\WINDOWS\SYSTEM32\dbgcore.DLL
0x00007ff96c920000 - 0x00007ff96c99a000 	C:\WINDOWS\System32\bcryptPrimitives.dll
0x00007ff960160000 - 0x00007ff960185000 	C:\Program Files\java\jdk-17\bin\java.dll

dbghelp: loaded successfully - version: 4.0.5 - missing functions: none
symbol engine: initialized successfully - sym options: 0x614 - pdb path: .;C:\Program Files\java\jdk-17\bin;C:\WINDOWS\SYSTEM32;C:\WINDOWS\WinSxS\amd64_microsoft.windows.common-controls_6595b64144ccf1df_6.0.22621.3235_none_270f74e173860f98;C:\Program Files\java\jdk-17\bin\server

VM Arguments:
jvm_args: -Dfile.encoding=utf8 
java_command: c:\Users\THINK\.vscode\extensions\vscjava.vscode-gradle-3.13.5\lib\gradle-language-server.jar
java_class_path (initial): c:\Users\THINK\.vscode\extensions\vscjava.vscode-gradle-3.13.5\lib\gradle-language-server.jar
Launcher Type: SUN_STANDARD

[Global flags]
     intx CICompilerCount                          = 4                                         {product} {ergonomic}
     uint ConcGCThreads                            = 2                                         {product} {ergonomic}
     uint G1ConcRefinementThreads                  = 8                                         {product} {ergonomic}
   size_t G1HeapRegionSize                         = 2097152                                   {product} {ergonomic}
    uintx GCDrainStackTargetSize                   = 64                                        {product} {ergonomic}
   size_t InitialHeapSize                          = 264241152                                 {product} {ergonomic}
   size_t MarkStackSize                            = 4194304                                   {product} {ergonomic}
   size_t MaxHeapSize                              = 4213178368                                {product} {ergonomic}
   size_t MinHeapDeltaBytes                        = 2097152                                   {product} {ergonomic}
   size_t MinHeapSize                              = 8388608                                   {product} {ergonomic}
    uintx NonNMethodCodeHeapSize                   = 5839372                                {pd product} {ergonomic}
    uintx NonProfiledCodeHeapSize                  = 122909434                              {pd product} {ergonomic}
    uintx ProfiledCodeHeapSize                     = 122909434                              {pd product} {ergonomic}
    uintx ReservedCodeCacheSize                    = 251658240                              {pd product} {ergonomic}
     bool SegmentedCodeCache                       = true                                      {product} {ergonomic}
   size_t SoftMaxHeapSize                          = 4213178368                             {manageable} {ergonomic}
     bool UseCompressedClassPointers               = true                           {product lp64_product} {ergonomic}
     bool UseCompressedOops                        = true                           {product lp64_product} {ergonomic}
     bool UseG1GC                                  = true                                      {product} {ergonomic}
     bool UseLargePagesIndividualAllocation        = false                                  {pd product} {ergonomic}

Logging:
Log output configuration:
 #0: stdout all=warning uptime,level,tags
 #1: stderr all=off uptime,level,tags

Environment Variables:
JAVA_HOME=C:\Program Files\java\jdk-17
PATH=C:\Program Files\Teradata\Client\17.20\bin;C:\Program Files (x86)\Teradata\Client\17.20\bin;C:\Users\THINK\OneDrive\Desktop\WINDOWS.X64_193000_db_home\bin;C:\Program Files\Common Files\Oracle\Java\javapath;C:\WINDOWS\system32;C:\WINDOWS;C:\WINDOWS\System32\Wbem;C:\WINDOWS\System32\WindowsPowerShell\v1.0\;C:\WINDOWS\System32\OpenSSH\;C:\Program Files\Git\cmd;C:\Program Files\TortoiseGit\bin;C:\Program Files\OpenRPA\;C:\Program Files (x86)\Microsoft SQL Server\150\DTS\Binn\;C:\Users\THINK\AppData\Roaming\nvm;C:\Program Files\nodejs;C:\Program Files\Java\jdk-11.0.15\bin;C:\maven\apache-maven-3.8.6\bin;C:\Program Files\dotnet\;C:\Program Files\MongoDB\Server\6.0\bin;C:\WINDOWS\system32;C:\WINDOWS;C:\WINDOWS\System32\Wbem;C:\WINDOWS\System32\WindowsPowerShell\v1.0\;C:\WINDOWS\System32\OpenSSH\;C:\Program Files\Kubernetes\Minikube;C:\Program Files\Docker\Docker\resources\bin;C:\Users\THINK\Downloads\helm-v3.11.0-rc.2-windows-amd64\windows-amd64;C:\Program Files\MySQL\MySQL Server 8.0\bin;C:\Users\THINK\AppData\Local\Android\Sdk;C:\Users\THINK\AppData\Local\Android\Sdk\platform-tools;C:\Users\THINK\.console-ninja\.bin;C:\Users\THINK\AppData\Local\Programs\Microsoft VS Code\bin;C:\Users\THINK\AppData\Local\Android\Sdk;C:\Users\THINK\AppData\Local\Android\Sdk\platform-tools;C:\Users\THINK\AppData\Local\Android\Sdk\emulator;
USERNAME=THINK
OS=Windows_NT
PROCESSOR_IDENTIFIER=Intel64 Family 6 Model 140 Stepping 1, GenuineIntel



---------------  S Y S T E M  ---------------

OS:
 Windows 11 , 64 bit Build 22621 (10.0.22621.3235)
OS uptime: 0 days 1:52 hours
Hyper-V role detected

CPU: total 8 (initial active 8) (4 cores per cpu, 2 threads per core) family 6 model 140 stepping 1 microcode 0xb6, cx8, cmov, fxsr, ht, mmx, 3dnowpref, sse, sse2, sse3, ssse3, sse4.1, sse4.2, popcnt, lzcnt, tsc, tscinvbit, avx, avx2, aes, erms, clmul, bmi1, bmi2, adx, avx512f, avx512dq, avx512cd, avx512bw, avx512vl, sha, fma, vzeroupper, avx512_vpopcntdq, avx512_vpclmulqdq, avx512_vaes, avx512_vnni, clflush, clflushopt, clwb, avx512_vbmi2, avx512_vbmi, hv

Memory: 4k page, system-wide physical 16064M (675M free)
TotalPageFile size 26235M (AvailPageFile size 53M)
current process WorkingSet (physical memory assigned to process): 11M, peak: 11M
current process commit charge ("private bytes"): 60M, peak: 312M

vm_info: Java HotSpot(TM) 64-Bit Server VM (17.0.10+11-LTS-240) for windows-amd64 JRE (17.0.10+11-LTS-240), built on Dec 19 2023 21:47:25 by "mach5one" with MS VC++ 17.1 (VS2022)

END.
