#
# There is insufficient memory for the Java Runtime Environment to continue.
# Native memory allocation (mmap) failed to map 65536 bytes for Failed to commit metaspace.
# Possible reasons:
#   The system is out of physical RAM or swap space
#   The process is running with CompressedOops enabled, and the Java Heap may be blocking the growth of the native heap
# Possible solutions:
#   Reduce memory load on the system
#   Increase physical memory or swap space
#   Check if swap backing store is full
#   Decrease Java heap size (-Xmx/-Xms)
#   Decrease number of Java threads
#   Decrease Java thread stack sizes (-Xss)
#   Set larger code cache with -XX:ReservedCodeCacheSize=
#   JVM is running with Zero Based Compressed Oops mode in which the Java heap is
#     placed in the first 32GB address space. The Java Heap base address is the
#     maximum limit for the native heap growth. Please use -XX:HeapBaseMinAddress
#     to set the Java Heap base and to place the Java Heap above 32GB virtual address.
# This output file may be truncated or incomplete.
#
#  Out of Memory Error (virtualSpaceNode.cpp:110), pid=20692, tid=20484
#
# JRE version: Java(TM) SE Runtime Environment (17.0.10+11) (build 17.0.10+11-LTS-240)
# Java VM: Java HotSpot(TM) 64-Bit Server VM (17.0.10+11-LTS-240, mixed mode, sharing, tiered, compressed oops, compressed class ptrs, g1 gc, windows-amd64)
# No core dump will be written. Minidumps are not enabled by default on client versions of Windows
#

---------------  S U M M A R Y ------------

Command Line: -Dfile.encoding=utf8 c:\Users\THINK\.vscode\extensions\vscjava.vscode-gradle-3.13.5\lib\gradle-language-server.jar

Host: 11th Gen Intel(R) Core(TM) i5-1135G7 @ 2.40GHz, 8 cores, 15G,  Windows 11 , 64 bit Build 22621 (10.0.22621.3235)
Time: Wed Apr  3 15:27:53 2024 Pakistan Standard Time elapsed time: 2.828656 seconds (0d 0h 0m 2s)

---------------  T H R E A D  ---------------

Current thread (0x0000023c6bee3880):  JavaThread "main" [_thread_in_vm, id=20484, stack(0x000000d80e900000,0x000000d80ea00000)]

Stack: [0x000000d80e900000,0x000000d80ea00000]
Native frames: (J=compiled Java code, j=interpreted, Vv=VM code, C=native code)
V  [jvm.dll+0x677a5a]
V  [jvm.dll+0x7d8b2d]
V  [jvm.dll+0x7da48e]
V  [jvm.dll+0x7daaf3]
V  [jvm.dll+0x2455ff]
V  [jvm.dll+0x7d483b]
V  [jvm.dll+0x61dc06]
V  [jvm.dll+0x1bfa87]
V  [jvm.dll+0x620570]
V  [jvm.dll+0x61e5c6]
V  [jvm.dll+0x23afe6]
V  [jvm.dll+0x1e9d67]
V  [jvm.dll+0x1dfa01]
V  [jvm.dll+0x53d58c]
V  [jvm.dll+0x753438]
V  [jvm.dll+0x753524]
V  [jvm.dll+0x40babf]
V  [jvm.dll+0x411a89]
C  [java.dll+0x17ec]

Java frames: (J=compiled Java code, j=interpreted, Vv=VM code)
j  java.lang.ClassLoader.defineClass1(Ljava/lang/ClassLoader;Ljava/lang/String;[BIILjava/security/ProtectionDomain;Ljava/lang/String;)Ljava/lang/Class;+0 java.base@17.0.10
j  java.lang.ClassLoader.defineClass(Ljava/lang/String;[BIILjava/security/ProtectionDomain;)Ljava/lang/Class;+27 java.base@17.0.10
j  java.security.SecureClassLoader.defineClass(Ljava/lang/String;[BIILjava/security/CodeSource;)Ljava/lang/Class;+12 java.base@17.0.10
j  jdk.internal.loader.BuiltinClassLoader.defineClass(Ljava/lang/String;Ljdk/internal/loader/Resource;)Ljava/lang/Class;+117 java.base@17.0.10
J 867 c1 jdk.internal.loader.BuiltinClassLoader.findClassOnClassPathOrNull(Ljava/lang/String;)Ljava/lang/Class; java.base@17.0.10 (64 bytes) @ 0x0000023c0019f3e4 [0x0000023c0019e360+0x0000000000001084]
J 684 c1 jdk.internal.loader.BuiltinClassLoader.loadClassOrNull(Ljava/lang/String;Z)Ljava/lang/Class; java.base@17.0.10 (143 bytes) @ 0x0000023c0012afd4 [0x0000023c0012a0c0+0x0000000000000f14]
J 730 c1 jdk.internal.loader.ClassLoaders$AppClassLoader.loadClass(Ljava/lang/String;Z)Ljava/lang/Class; java.base@17.0.10 (40 bytes) @ 0x0000023c0013fa0c [0x0000023c0013f3e0+0x000000000000062c]
J 729 c1 java.lang.ClassLoader.loadClass(Ljava/lang/String;)Ljava/lang/Class; java.base@17.0.10 (7 bytes) @ 0x0000023c0013f04c [0x0000023c0013ef40+0x000000000000010c]
v  ~StubRoutines::call_stub
j  java.lang.Class.getDeclaredMethods0(Z)[Ljava/lang/reflect/Method;+0 java.base@17.0.10
j  java.lang.Class.privateGetDeclaredMethods(Z)[Ljava/lang/reflect/Method;+34 java.base@17.0.10
j  java.lang.Class.getDeclaredMethods()[Ljava/lang/reflect/Method;+20 java.base@17.0.10
j  org.eclipse.lsp4j.jsonrpc.services.AnnotationUtil.findRpcMethods(Ljava/lang/Class;Ljava/util/Set;Ljava/util/function/Consumer;)V+68
j  org.eclipse.lsp4j.jsonrpc.services.ServiceEndpoints.getSupportedMethods(Ljava/lang/Class;Ljava/util/Set;)Ljava/util/Map;+16
j  org.eclipse.lsp4j.jsonrpc.services.ServiceEndpoints.lambda$getSupportedMethods$1(Ljava/util/Set;Ljava/util/Map;Ljava/lang/reflect/Method;)V+5
j  org.eclipse.lsp4j.jsonrpc.services.ServiceEndpoints$$Lambda$35+0x0000023c1208b588.accept(Ljava/lang/Object;)V+12
j  org.eclipse.lsp4j.jsonrpc.services.AnnotationUtil.findDelegateSegments(Ljava/lang/Class;Ljava/util/Set;Ljava/util/function/Consumer;)V+98
j  org.eclipse.lsp4j.jsonrpc.services.AnnotationUtil.findDelegateSegments(Ljava/lang/Class;Ljava/util/Set;Ljava/util/function/Consumer;)V+53
j  org.eclipse.lsp4j.jsonrpc.services.ServiceEndpoints.getSupportedMethods(Ljava/lang/Class;Ljava/util/Set;)Ljava/util/Map;+34
j  org.eclipse.lsp4j.jsonrpc.services.ServiceEndpoints.getSupportedMethods(Ljava/lang/Class;)Ljava/util/Map;+10
j  org.eclipse.lsp4j.jsonrpc.Launcher$Builder.getSupportedMethods()Ljava/util/Map;+110
j  org.eclipse.lsp4j.jsonrpc.Launcher$Builder.createJsonHandler()Lorg/eclipse/lsp4j/jsonrpc/json/MessageJsonHandler;+1
j  org.eclipse.lsp4j.jsonrpc.Launcher$Builder.create()Lorg/eclipse/lsp4j/jsonrpc/Launcher;+69
j  org.eclipse.lsp4j.jsonrpc.Launcher.createLauncher(Ljava/lang/Object;Ljava/lang/Class;Ljava/io/InputStream;Ljava/io/OutputStream;)Lorg/eclipse/lsp4j/jsonrpc/Launcher;+23
j  com.microsoft.gradle.GradleLanguageServer.main([Ljava/lang/String;)V+27
v  ~StubRoutines::call_stub

---------------  P R O C E S S  ---------------

Threads class SMR info:
_java_thread_list=0x0000023c566fd830, length=14, elements={
0x0000023c6bee3880, 0x0000023c7fa12410, 0x0000023c7fa12fd0, 0x0000023c7fa27590,
0x0000023c7fa28150, 0x0000023c7fa2cb30, 0x0000023c7fa2d4f0, 0x0000023c7fa2e290,
0x0000023c7fa2ed40, 0x0000023c7fbeb6e0, 0x0000023c7fca2920, 0x0000023c7fca70a0,
0x0000023c567e3350, 0x0000023c56598aa0
}

Java Threads: ( => current thread )
=>0x0000023c6bee3880 JavaThread "main" [_thread_in_vm, id=20484, stack(0x000000d80e900000,0x000000d80ea00000)]
  0x0000023c7fa12410 JavaThread "Reference Handler" daemon [_thread_blocked, id=2636, stack(0x000000d80f000000,0x000000d80f100000)]
  0x0000023c7fa12fd0 JavaThread "Finalizer" daemon [_thread_blocked, id=13036, stack(0x000000d80f100000,0x000000d80f200000)]
  0x0000023c7fa27590 JavaThread "Signal Dispatcher" daemon [_thread_blocked, id=17720, stack(0x000000d80f200000,0x000000d80f300000)]
  0x0000023c7fa28150 JavaThread "Attach Listener" daemon [_thread_blocked, id=5460, stack(0x000000d80f300000,0x000000d80f400000)]
  0x0000023c7fa2cb30 JavaThread "Service Thread" daemon [_thread_blocked, id=9588, stack(0x000000d80f400000,0x000000d80f500000)]
  0x0000023c7fa2d4f0 JavaThread "Monitor Deflation Thread" daemon [_thread_blocked, id=12076, stack(0x000000d80f500000,0x000000d80f600000)]
  0x0000023c7fa2e290 JavaThread "C2 CompilerThread0" daemon [_thread_blocked, id=8804, stack(0x000000d80f600000,0x000000d80f700000)]
  0x0000023c7fa2ed40 JavaThread "C1 CompilerThread0" daemon [_thread_blocked, id=13976, stack(0x000000d80f700000,0x000000d80f800000)]
  0x0000023c7fbeb6e0 JavaThread "Sweeper thread" daemon [_thread_blocked, id=6792, stack(0x000000d80f800000,0x000000d80f900000)]
  0x0000023c7fca2920 JavaThread "Notification Thread" daemon [_thread_blocked, id=16332, stack(0x000000d80f900000,0x000000d80fa00000)]
  0x0000023c7fca70a0 JavaThread "Common-Cleaner" daemon [_thread_blocked, id=21200, stack(0x000000d80fb00000,0x000000d80fc00000)]
  0x0000023c567e3350 JavaThread "C2 CompilerThread1" daemon [_thread_blocked, id=3132, stack(0x000000d80fc00000,0x000000d80fd00000)]
  0x0000023c56598aa0 JavaThread "C2 CompilerThread2" daemon [_thread_blocked, id=5620, stack(0x000000d80fd00000,0x000000d80fe00000)]

Other Threads:
  0x0000023c7fa0cdc0 VMThread "VM Thread" [stack: 0x000000d80ef00000,0x000000d80f000000] [id=1812]
  0x0000023c7fca6e10 WatcherThread [stack: 0x000000d80fa00000,0x000000d80fb00000] [id=4556]
  0x0000023c6bf4dd20 GCTaskThread "GC Thread#0" [stack: 0x000000d80ea00000,0x000000d80eb00000] [id=5660]
  0x0000023c6bf5f790 ConcurrentGCThread "G1 Main Marker" [stack: 0x000000d80eb00000,0x000000d80ec00000] [id=8464]
  0x0000023c6bf601a0 ConcurrentGCThread "G1 Conc#0" [stack: 0x000000d80ec00000,0x000000d80ed00000] [id=21024]
  0x0000023c6bfad920 ConcurrentGCThread "G1 Refine#0" [stack: 0x000000d80ed00000,0x000000d80ee00000] [id=16984]
  0x0000023c6bfae350 ConcurrentGCThread "G1 Service" [stack: 0x000000d80ee00000,0x000000d80ef00000] [id=6832]

Threads with active compile tasks:

VM state: not at safepoint (normal execution)

VM Mutex/Monitor currently owned by a thread:  ([mutex/lock_event])
[0x0000023c6bedad60] Metaspace_lock - owner thread: 0x0000023c6bee3880

Heap address: 0x0000000704e00000, size: 4018 MB, Compressed Oops mode: Zero based, Oop shift amount: 3

CDS archive(s) mapped at: [0x0000023c11000000-0x0000023c11bd0000-0x0000023c11bd0000), size 12386304, SharedBaseAddress: 0x0000023c11000000, ArchiveRelocationMode: 1.
Compressed class space mapped at: 0x0000023c12000000-0x0000023c52000000, reserved size: 1073741824
Narrow klass base: 0x0000023c11000000, Narrow klass shift: 0, Narrow klass range: 0x100000000

GC Precious Log:
 CPUs: 8 total, 8 available
 Memory: 16064M
 Large Page Support: Disabled
 NUMA Support: Disabled
 Compressed Oops: Enabled (Zero based)
 Heap Region Size: 2M
 Heap Min Capacity: 8M
 Heap Initial Capacity: 252M
 Heap Max Capacity: 4018M
 Pre-touch: Disabled
 Parallel Workers: 8
 Concurrent Workers: 2
 Concurrent Refinement Workers: 8
 Periodic GC: Disabled

Heap:
 garbage-first heap   total 258048K, used 16384K [0x0000000704e00000, 0x0000000800000000)
  region size 2048K, 10 young (20480K), 0 survivors (0K)
 Metaspace       used 4652K, committed 4736K, reserved 1114112K
  class space    used 504K, committed 576K, reserved 1048576K

Heap Regions: E=young(eden), S=young(survivor), O=old, HS=humongous(starts), HC=humongous(continues), CS=collection set, F=free, OA=open archive, CA=closed archive, TAMS=top-at-mark-start (previous, next)
|   0|0x0000000704e00000, 0x0000000704e00000, 0x0000000705000000|  0%| F|  |TAMS 0x0000000704e00000, 0x0000000704e00000| Untracked 
|   1|0x0000000705000000, 0x0000000705000000, 0x0000000705200000|  0%| F|  |TAMS 0x0000000705000000, 0x0000000705000000| Untracked 
|   2|0x0000000705200000, 0x0000000705200000, 0x0000000705400000|  0%| F|  |TAMS 0x0000000705200000, 0x0000000705200000| Untracked 
|   3|0x0000000705400000, 0x0000000705400000, 0x0000000705600000|  0%| F|  |TAMS 0x0000000705400000, 0x0000000705400000| Untracked 
|   4|0x0000000705600000, 0x0000000705600000, 0x0000000705800000|  0%| F|  |TAMS 0x0000000705600000, 0x0000000705600000| Untracked 
|   5|0x0000000705800000, 0x0000000705800000, 0x0000000705a00000|  0%| F|  |TAMS 0x0000000705800000, 0x0000000705800000| Untracked 
|   6|0x0000000705a00000, 0x0000000705a00000, 0x0000000705c00000|  0%| F|  |TAMS 0x0000000705a00000, 0x0000000705a00000| Untracked 
|   7|0x0000000705c00000, 0x0000000705c00000, 0x0000000705e00000|  0%| F|  |TAMS 0x0000000705c00000, 0x0000000705c00000| Untracked 
|   8|0x0000000705e00000, 0x0000000705e00000, 0x0000000706000000|  0%| F|  |TAMS 0x0000000705e00000, 0x0000000705e00000| Untracked 
|   9|0x0000000706000000, 0x0000000706000000, 0x0000000706200000|  0%| F|  |TAMS 0x0000000706000000, 0x0000000706000000| Untracked 
|  10|0x0000000706200000, 0x0000000706200000, 0x0000000706400000|  0%| F|  |TAMS 0x0000000706200000, 0x0000000706200000| Untracked 
|  11|0x0000000706400000, 0x0000000706400000, 0x0000000706600000|  0%| F|  |TAMS 0x0000000706400000, 0x0000000706400000| Untracked 
|  12|0x0000000706600000, 0x0000000706600000, 0x0000000706800000|  0%| F|  |TAMS 0x0000000706600000, 0x0000000706600000| Untracked 
|  13|0x0000000706800000, 0x0000000706800000, 0x0000000706a00000|  0%| F|  |TAMS 0x0000000706800000, 0x0000000706800000| Untracked 
|  14|0x0000000706a00000, 0x0000000706a00000, 0x0000000706c00000|  0%| F|  |TAMS 0x0000000706a00000, 0x0000000706a00000| Untracked 
|  15|0x0000000706c00000, 0x0000000706c00000, 0x0000000706e00000|  0%| F|  |TAMS 0x0000000706c00000, 0x0000000706c00000| Untracked 
|  16|0x0000000706e00000, 0x0000000706e00000, 0x0000000707000000|  0%| F|  |TAMS 0x0000000706e00000, 0x0000000706e00000| Untracked 
|  17|0x0000000707000000, 0x0000000707000000, 0x0000000707200000|  0%| F|  |TAMS 0x0000000707000000, 0x0000000707000000| Untracked 
|  18|0x0000000707200000, 0x0000000707200000, 0x0000000707400000|  0%| F|  |TAMS 0x0000000707200000, 0x0000000707200000| Untracked 
|  19|0x0000000707400000, 0x0000000707400000, 0x0000000707600000|  0%| F|  |TAMS 0x0000000707400000, 0x0000000707400000| Untracked 
|  20|0x0000000707600000, 0x0000000707600000, 0x0000000707800000|  0%| F|  |TAMS 0x0000000707600000, 0x0000000707600000| Untracked 
|  21|0x0000000707800000, 0x0000000707800000, 0x0000000707a00000|  0%| F|  |TAMS 0x0000000707800000, 0x0000000707800000| Untracked 
|  22|0x0000000707a00000, 0x0000000707a00000, 0x0000000707c00000|  0%| F|  |TAMS 0x0000000707a00000, 0x0000000707a00000| Untracked 
|  23|0x0000000707c00000, 0x0000000707c00000, 0x0000000707e00000|  0%| F|  |TAMS 0x0000000707c00000, 0x0000000707c00000| Untracked 
|  24|0x0000000707e00000, 0x0000000707e00000, 0x0000000708000000|  0%| F|  |TAMS 0x0000000707e00000, 0x0000000707e00000| Untracked 
|  25|0x0000000708000000, 0x0000000708000000, 0x0000000708200000|  0%| F|  |TAMS 0x0000000708000000, 0x0000000708000000| Untracked 
|  26|0x0000000708200000, 0x0000000708200000, 0x0000000708400000|  0%| F|  |TAMS 0x0000000708200000, 0x0000000708200000| Untracked 
|  27|0x0000000708400000, 0x0000000708400000, 0x0000000708600000|  0%| F|  |TAMS 0x0000000708400000, 0x0000000708400000| Untracked 
|  28|0x0000000708600000, 0x0000000708600000, 0x0000000708800000|  0%| F|  |TAMS 0x0000000708600000, 0x0000000708600000| Untracked 
|  29|0x0000000708800000, 0x0000000708800000, 0x0000000708a00000|  0%| F|  |TAMS 0x0000000708800000, 0x0000000708800000| Untracked 
|  30|0x0000000708a00000, 0x0000000708a00000, 0x0000000708c00000|  0%| F|  |TAMS 0x0000000708a00000, 0x0000000708a00000| Untracked 
|  31|0x0000000708c00000, 0x0000000708c00000, 0x0000000708e00000|  0%| F|  |TAMS 0x0000000708c00000, 0x0000000708c00000| Untracked 
|  32|0x0000000708e00000, 0x0000000708e00000, 0x0000000709000000|  0%| F|  |TAMS 0x0000000708e00000, 0x0000000708e00000| Untracked 
|  33|0x0000000709000000, 0x0000000709000000, 0x0000000709200000|  0%| F|  |TAMS 0x0000000709000000, 0x0000000709000000| Untracked 
|  34|0x0000000709200000, 0x0000000709200000, 0x0000000709400000|  0%| F|  |TAMS 0x0000000709200000, 0x0000000709200000| Untracked 
|  35|0x0000000709400000, 0x0000000709400000, 0x0000000709600000|  0%| F|  |TAMS 0x0000000709400000, 0x0000000709400000| Untracked 
|  36|0x0000000709600000, 0x0000000709600000, 0x0000000709800000|  0%| F|  |TAMS 0x0000000709600000, 0x0000000709600000| Untracked 
|  37|0x0000000709800000, 0x0000000709800000, 0x0000000709a00000|  0%| F|  |TAMS 0x0000000709800000, 0x0000000709800000| Untracked 
|  38|0x0000000709a00000, 0x0000000709a00000, 0x0000000709c00000|  0%| F|  |TAMS 0x0000000709a00000, 0x0000000709a00000| Untracked 
|  39|0x0000000709c00000, 0x0000000709c00000, 0x0000000709e00000|  0%| F|  |TAMS 0x0000000709c00000, 0x0000000709c00000| Untracked 
|  40|0x0000000709e00000, 0x0000000709e00000, 0x000000070a000000|  0%| F|  |TAMS 0x0000000709e00000, 0x0000000709e00000| Untracked 
|  41|0x000000070a000000, 0x000000070a000000, 0x000000070a200000|  0%| F|  |TAMS 0x000000070a000000, 0x000000070a000000| Untracked 
|  42|0x000000070a200000, 0x000000070a200000, 0x000000070a400000|  0%| F|  |TAMS 0x000000070a200000, 0x000000070a200000| Untracked 
|  43|0x000000070a400000, 0x000000070a400000, 0x000000070a600000|  0%| F|  |TAMS 0x000000070a400000, 0x000000070a400000| Untracked 
|  44|0x000000070a600000, 0x000000070a600000, 0x000000070a800000|  0%| F|  |TAMS 0x000000070a600000, 0x000000070a600000| Untracked 
|  45|0x000000070a800000, 0x000000070a800000, 0x000000070aa00000|  0%| F|  |TAMS 0x000000070a800000, 0x000000070a800000| Untracked 
|  46|0x000000070aa00000, 0x000000070aa00000, 0x000000070ac00000|  0%| F|  |TAMS 0x000000070aa00000, 0x000000070aa00000| Untracked 
|  47|0x000000070ac00000, 0x000000070ac00000, 0x000000070ae00000|  0%| F|  |TAMS 0x000000070ac00000, 0x000000070ac00000| Untracked 
|  48|0x000000070ae00000, 0x000000070ae00000, 0x000000070b000000|  0%| F|  |TAMS 0x000000070ae00000, 0x000000070ae00000| Untracked 
|  49|0x000000070b000000, 0x000000070b000000, 0x000000070b200000|  0%| F|  |TAMS 0x000000070b000000, 0x000000070b000000| Untracked 
|  50|0x000000070b200000, 0x000000070b200000, 0x000000070b400000|  0%| F|  |TAMS 0x000000070b200000, 0x000000070b200000| Untracked 
|  51|0x000000070b400000, 0x000000070b400000, 0x000000070b600000|  0%| F|  |TAMS 0x000000070b400000, 0x000000070b400000| Untracked 
|  52|0x000000070b600000, 0x000000070b600000, 0x000000070b800000|  0%| F|  |TAMS 0x000000070b600000, 0x000000070b600000| Untracked 
|  53|0x000000070b800000, 0x000000070b800000, 0x000000070ba00000|  0%| F|  |TAMS 0x000000070b800000, 0x000000070b800000| Untracked 
|  54|0x000000070ba00000, 0x000000070ba00000, 0x000000070bc00000|  0%| F|  |TAMS 0x000000070ba00000, 0x000000070ba00000| Untracked 
|  55|0x000000070bc00000, 0x000000070bc00000, 0x000000070be00000|  0%| F|  |TAMS 0x000000070bc00000, 0x000000070bc00000| Untracked 
|  56|0x000000070be00000, 0x000000070be00000, 0x000000070c000000|  0%| F|  |TAMS 0x000000070be00000, 0x000000070be00000| Untracked 
|  57|0x000000070c000000, 0x000000070c000000, 0x000000070c200000|  0%| F|  |TAMS 0x000000070c000000, 0x000000070c000000| Untracked 
|  58|0x000000070c200000, 0x000000070c200000, 0x000000070c400000|  0%| F|  |TAMS 0x000000070c200000, 0x000000070c200000| Untracked 
|  59|0x000000070c400000, 0x000000070c400000, 0x000000070c600000|  0%| F|  |TAMS 0x000000070c400000, 0x000000070c400000| Untracked 
|  60|0x000000070c600000, 0x000000070c600000, 0x000000070c800000|  0%| F|  |TAMS 0x000000070c600000, 0x000000070c600000| Untracked 
|  61|0x000000070c800000, 0x000000070c800000, 0x000000070ca00000|  0%| F|  |TAMS 0x000000070c800000, 0x000000070c800000| Untracked 
|  62|0x000000070ca00000, 0x000000070ca00000, 0x000000070cc00000|  0%| F|  |TAMS 0x000000070ca00000, 0x000000070ca00000| Untracked 
|  63|0x000000070cc00000, 0x000000070cc00000, 0x000000070ce00000|  0%| F|  |TAMS 0x000000070cc00000, 0x000000070cc00000| Untracked 
|  64|0x000000070ce00000, 0x000000070ce00000, 0x000000070d000000|  0%| F|  |TAMS 0x000000070ce00000, 0x000000070ce00000| Untracked 
|  65|0x000000070d000000, 0x000000070d000000, 0x000000070d200000|  0%| F|  |TAMS 0x000000070d000000, 0x000000070d000000| Untracked 
|  66|0x000000070d200000, 0x000000070d200000, 0x000000070d400000|  0%| F|  |TAMS 0x000000070d200000, 0x000000070d200000| Untracked 
|  67|0x000000070d400000, 0x000000070d400000, 0x000000070d600000|  0%| F|  |TAMS 0x000000070d400000, 0x000000070d400000| Untracked 
|  68|0x000000070d600000, 0x000000070d600000, 0x000000070d800000|  0%| F|  |TAMS 0x000000070d600000, 0x000000070d600000| Untracked 
|  69|0x000000070d800000, 0x000000070d800000, 0x000000070da00000|  0%| F|  |TAMS 0x000000070d800000, 0x000000070d800000| Untracked 
|  70|0x000000070da00000, 0x000000070da00000, 0x000000070dc00000|  0%| F|  |TAMS 0x000000070da00000, 0x000000070da00000| Untracked 
|  71|0x000000070dc00000, 0x000000070dc00000, 0x000000070de00000|  0%| F|  |TAMS 0x000000070dc00000, 0x000000070dc00000| Untracked 
|  72|0x000000070de00000, 0x000000070de00000, 0x000000070e000000|  0%| F|  |TAMS 0x000000070de00000, 0x000000070de00000| Untracked 
|  73|0x000000070e000000, 0x000000070e000000, 0x000000070e200000|  0%| F|  |TAMS 0x000000070e000000, 0x000000070e000000| Untracked 
|  74|0x000000070e200000, 0x000000070e200000, 0x000000070e400000|  0%| F|  |TAMS 0x000000070e200000, 0x000000070e200000| Untracked 
|  75|0x000000070e400000, 0x000000070e400000, 0x000000070e600000|  0%| F|  |TAMS 0x000000070e400000, 0x000000070e400000| Untracked 
|  76|0x000000070e600000, 0x000000070e600000, 0x000000070e800000|  0%| F|  |TAMS 0x000000070e600000, 0x000000070e600000| Untracked 
|  77|0x000000070e800000, 0x000000070e800000, 0x000000070ea00000|  0%| F|  |TAMS 0x000000070e800000, 0x000000070e800000| Untracked 
|  78|0x000000070ea00000, 0x000000070ea00000, 0x000000070ec00000|  0%| F|  |TAMS 0x000000070ea00000, 0x000000070ea00000| Untracked 
|  79|0x000000070ec00000, 0x000000070ec00000, 0x000000070ee00000|  0%| F|  |TAMS 0x000000070ec00000, 0x000000070ec00000| Untracked 
|  80|0x000000070ee00000, 0x000000070ee00000, 0x000000070f000000|  0%| F|  |TAMS 0x000000070ee00000, 0x000000070ee00000| Untracked 
|  81|0x000000070f000000, 0x000000070f000000, 0x000000070f200000|  0%| F|  |TAMS 0x000000070f000000, 0x000000070f000000| Untracked 
|  82|0x000000070f200000, 0x000000070f200000, 0x000000070f400000|  0%| F|  |TAMS 0x000000070f200000, 0x000000070f200000| Untracked 
|  83|0x000000070f400000, 0x000000070f400000, 0x000000070f600000|  0%| F|  |TAMS 0x000000070f400000, 0x000000070f400000| Untracked 
|  84|0x000000070f600000, 0x000000070f600000, 0x000000070f800000|  0%| F|  |TAMS 0x000000070f600000, 0x000000070f600000| Untracked 
|  85|0x000000070f800000, 0x000000070f800000, 0x000000070fa00000|  0%| F|  |TAMS 0x000000070f800000, 0x000000070f800000| Untracked 
|  86|0x000000070fa00000, 0x000000070fa00000, 0x000000070fc00000|  0%| F|  |TAMS 0x000000070fa00000, 0x000000070fa00000| Untracked 
|  87|0x000000070fc00000, 0x000000070fc00000, 0x000000070fe00000|  0%| F|  |TAMS 0x000000070fc00000, 0x000000070fc00000| Untracked 
|  88|0x000000070fe00000, 0x000000070fe00000, 0x0000000710000000|  0%| F|  |TAMS 0x000000070fe00000, 0x000000070fe00000| Untracked 
|  89|0x0000000710000000, 0x0000000710000000, 0x0000000710200000|  0%| F|  |TAMS 0x0000000710000000, 0x0000000710000000| Untracked 
|  90|0x0000000710200000, 0x0000000710200000, 0x0000000710400000|  0%| F|  |TAMS 0x0000000710200000, 0x0000000710200000| Untracked 
|  91|0x0000000710400000, 0x0000000710400000, 0x0000000710600000|  0%| F|  |TAMS 0x0000000710400000, 0x0000000710400000| Untracked 
|  92|0x0000000710600000, 0x0000000710600000, 0x0000000710800000|  0%| F|  |TAMS 0x0000000710600000, 0x0000000710600000| Untracked 
|  93|0x0000000710800000, 0x0000000710800000, 0x0000000710a00000|  0%| F|  |TAMS 0x0000000710800000, 0x0000000710800000| Untracked 
|  94|0x0000000710a00000, 0x0000000710a00000, 0x0000000710c00000|  0%| F|  |TAMS 0x0000000710a00000, 0x0000000710a00000| Untracked 
|  95|0x0000000710c00000, 0x0000000710c00000, 0x0000000710e00000|  0%| F|  |TAMS 0x0000000710c00000, 0x0000000710c00000| Untracked 
|  96|0x0000000710e00000, 0x0000000710e00000, 0x0000000711000000|  0%| F|  |TAMS 0x0000000710e00000, 0x0000000710e00000| Untracked 
|  97|0x0000000711000000, 0x0000000711000000, 0x0000000711200000|  0%| F|  |TAMS 0x0000000711000000, 0x0000000711000000| Untracked 
|  98|0x0000000711200000, 0x0000000711200000, 0x0000000711400000|  0%| F|  |TAMS 0x0000000711200000, 0x0000000711200000| Untracked 
|  99|0x0000000711400000, 0x0000000711400000, 0x0000000711600000|  0%| F|  |TAMS 0x0000000711400000, 0x0000000711400000| Untracked 
| 100|0x0000000711600000, 0x0000000711600000, 0x0000000711800000|  0%| F|  |TAMS 0x0000000711600000, 0x0000000711600000| Untracked 
| 101|0x0000000711800000, 0x0000000711800000, 0x0000000711a00000|  0%| F|  |TAMS 0x0000000711800000, 0x0000000711800000| Untracked 
| 102|0x0000000711a00000, 0x0000000711a00000, 0x0000000711c00000|  0%| F|  |TAMS 0x0000000711a00000, 0x0000000711a00000| Untracked 
| 103|0x0000000711c00000, 0x0000000711c00000, 0x0000000711e00000|  0%| F|  |TAMS 0x0000000711c00000, 0x0000000711c00000| Untracked 
| 104|0x0000000711e00000, 0x0000000711e00000, 0x0000000712000000|  0%| F|  |TAMS 0x0000000711e00000, 0x0000000711e00000| Untracked 
| 105|0x0000000712000000, 0x0000000712000000, 0x0000000712200000|  0%| F|  |TAMS 0x0000000712000000, 0x0000000712000000| Untracked 
| 106|0x0000000712200000, 0x0000000712200000, 0x0000000712400000|  0%| F|  |TAMS 0x0000000712200000, 0x0000000712200000| Untracked 
| 107|0x0000000712400000, 0x0000000712400000, 0x0000000712600000|  0%| F|  |TAMS 0x0000000712400000, 0x0000000712400000| Untracked 
| 108|0x0000000712600000, 0x0000000712600000, 0x0000000712800000|  0%| F|  |TAMS 0x0000000712600000, 0x0000000712600000| Untracked 
| 109|0x0000000712800000, 0x0000000712800000, 0x0000000712a00000|  0%| F|  |TAMS 0x0000000712800000, 0x0000000712800000| Untracked 
| 110|0x0000000712a00000, 0x0000000712a00000, 0x0000000712c00000|  0%| F|  |TAMS 0x0000000712a00000, 0x0000000712a00000| Untracked 
| 111|0x0000000712c00000, 0x0000000712c00000, 0x0000000712e00000|  0%| F|  |TAMS 0x0000000712c00000, 0x0000000712c00000| Untracked 
| 112|0x0000000712e00000, 0x0000000712e00000, 0x0000000713000000|  0%| F|  |TAMS 0x0000000712e00000, 0x0000000712e00000| Untracked 
| 113|0x0000000713000000, 0x0000000713000000, 0x0000000713200000|  0%| F|  |TAMS 0x0000000713000000, 0x0000000713000000| Untracked 
| 114|0x0000000713200000, 0x0000000713200000, 0x0000000713400000|  0%| F|  |TAMS 0x0000000713200000, 0x0000000713200000| Untracked 
| 115|0x0000000713400000, 0x0000000713400000, 0x0000000713600000|  0%| F|  |TAMS 0x0000000713400000, 0x0000000713400000| Untracked 
| 116|0x0000000713600000, 0x0000000713752d40, 0x0000000713800000| 66%| E|  |TAMS 0x0000000713600000, 0x0000000713600000| Complete 
| 117|0x0000000713800000, 0x0000000713a00000, 0x0000000713a00000|100%| E|CS|TAMS 0x0000000713800000, 0x0000000713800000| Complete 
| 118|0x0000000713a00000, 0x0000000713c00000, 0x0000000713c00000|100%| E|CS|TAMS 0x0000000713a00000, 0x0000000713a00000| Complete 
| 119|0x0000000713c00000, 0x0000000713e00000, 0x0000000713e00000|100%| E|CS|TAMS 0x0000000713c00000, 0x0000000713c00000| Complete 
| 120|0x0000000713e00000, 0x0000000714000000, 0x0000000714000000|100%| E|CS|TAMS 0x0000000713e00000, 0x0000000713e00000| Complete 
| 121|0x0000000714000000, 0x0000000714200000, 0x0000000714200000|100%| E|CS|TAMS 0x0000000714000000, 0x0000000714000000| Complete 
| 122|0x0000000714200000, 0x0000000714400000, 0x0000000714400000|100%| E|CS|TAMS 0x0000000714200000, 0x0000000714200000| Complete 
| 123|0x0000000714400000, 0x0000000714600000, 0x0000000714600000|100%| E|  |TAMS 0x0000000714400000, 0x0000000714400000| Complete 
| 124|0x0000000714600000, 0x0000000714800000, 0x0000000714800000|100%| E|CS|TAMS 0x0000000714600000, 0x0000000714600000| Complete 
| 125|0x0000000714800000, 0x0000000714a00000, 0x0000000714a00000|100%| E|CS|TAMS 0x0000000714800000, 0x0000000714800000| Complete 

Card table byte_map: [0x0000023c761d0000,0x0000023c769b0000] _byte_map_base: 0x0000023c729a9000

Marking Bits (Prev, Next): (CMBitMap*) 0x0000023c6bf4e340, (CMBitMap*) 0x0000023c6bf4e380
 Prev Bits: [0x0000023c77190000, 0x0000023c7b058000)
 Next Bits: [0x0000023c7b060000, 0x0000023c7ef28000)

Polling page: 0x0000023c6bfb0000

Metaspace:

Usage:
  Non-class:      4.05 MB used.
      Class:    504.12 KB used.
       Both:      4.54 MB used.

Virtual space:
  Non-class space:       64.00 MB reserved,       4.06 MB (  6%) committed,  1 nodes.
      Class space:        1.00 GB reserved,     576.00 KB ( <1%) committed,  1 nodes.
             Both:        1.06 GB reserved,       4.62 MB ( <1%) committed. 

Chunk freelists:
   Non-Class:  10.98 MB
       Class:  15.44 MB
        Both:  26.43 MB

MaxMetaspaceSize: unlimited
CompressedClassSpaceSize: 1.00 GB
Initial GC threshold: 21.00 MB
Current GC threshold: 21.00 MB
CDS: on
MetaspaceReclaimPolicy: balanced
 - commit_granule_bytes: 65536.
 - commit_granule_words: 8192.
 - virtual_space_node_default_size: 8388608.
 - enlarge_chunks_in_place: 1.
 - new_chunks_are_fully_committed: 0.
 - uncommit_free_chunks: 1.
 - use_allocation_guard: 0.
 - handle_deallocations: 1.


Internal statistics:

num_allocs_failed_limit: 0.
num_arena_births: 18.
num_arena_deaths: 0.
num_vsnodes_births: 2.
num_vsnodes_deaths: 0.
num_space_committed: 74.
num_space_uncommitted: 0.
num_chunks_returned_to_freelist: 0.
num_chunks_taken_from_freelist: 79.
num_chunk_merges: 0.
num_chunk_splits: 54.
num_chunks_enlarged: 42.
num_inconsistent_stats: 0.

CodeHeap 'non-profiled nmethods': size=120000Kb used=419Kb max_used=419Kb free=119581Kb
 bounds [0x0000023c07ad0000, 0x0000023c07d40000, 0x0000023c0f000000]
CodeHeap 'profiled nmethods': size=120000Kb used=1774Kb max_used=1774Kb free=118225Kb
 bounds [0x0000023c00000000, 0x0000023c00270000, 0x0000023c07530000]
CodeHeap 'non-nmethods': size=5760Kb used=1148Kb max_used=1197Kb free=4611Kb
 bounds [0x0000023c07530000, 0x0000023c077a0000, 0x0000023c07ad0000]
 total_blobs=1339 nmethods=916 adapters=336
 compilation: enabled
              stopped_count=0, restarted_count=0
 full_count=0

Compilation events (20 events):
Event: 2.819 Thread 0x0000023c7fa2ed40  906       3       jdk.internal.org.objectweb.asm.Label::<init> (5 bytes)
Event: 2.820 Thread 0x0000023c7fa2ed40 nmethod 906 0x0000023c001b5510 code [0x0000023c001b56a0, 0x0000023c001b57f8]
Event: 2.820 Thread 0x0000023c7fa2ed40  907       3       jdk.internal.org.objectweb.asm.MethodWriter::visitInsn (115 bytes)
Event: 2.821 Thread 0x0000023c7fa2ed40 nmethod 907 0x0000023c001b5890 code [0x0000023c001b5a60, 0x0000023c001b5e88]
Event: 2.821 Thread 0x0000023c7fa2ed40  909       3       jdk.internal.org.objectweb.asm.Type::getReturnTypeOffset (64 bytes)
Event: 2.822 Thread 0x0000023c567e3350 nmethod 900 0x0000023c07b36590 code [0x0000023c07b36740, 0x0000023c07b36af8]
Event: 2.823 Thread 0x0000023c7fa2ed40 nmethod 909 0x0000023c001b6010 code [0x0000023c001b6340, 0x0000023c001b7738]
Event: 2.823 Thread 0x0000023c7fa2ed40  910       3       jdk.internal.org.objectweb.asm.ByteVector::putInt (74 bytes)
Event: 2.823 Thread 0x0000023c7fa2ed40 nmethod 910 0x0000023c001b7e90 code [0x0000023c001b8040, 0x0000023c001b82a8]
Event: 2.823 Thread 0x0000023c7fa2ed40  908       3       jdk.internal.org.objectweb.asm.MethodWriter::visitAbstractType (8 bytes)
Event: 2.823 Thread 0x0000023c7fa2ed40 nmethod 908 0x0000023c001b8410 code [0x0000023c001b85a0, 0x0000023c001b86d8]
Event: 2.824 Thread 0x0000023c7fa2ed40  911       3       java.net.URL::getDefaultPort (8 bytes)
Event: 2.824 Thread 0x0000023c7fa2ed40 nmethod 911 0x0000023c001b8790 code [0x0000023c001b8920, 0x0000023c001b8b18]
Event: 2.824 Thread 0x0000023c7fa2ed40  912       3       java.net.URL::toString (5 bytes)
Event: 2.824 Thread 0x0000023c7fa2ed40 nmethod 912 0x0000023c001b8c10 code [0x0000023c001b8dc0, 0x0000023c001b8fe8]
Event: 2.824 Thread 0x0000023c7fa2ed40  913       3       java.net.URL::toExternalForm (9 bytes)
Event: 2.824 Thread 0x0000023c7fa2ed40 nmethod 913 0x0000023c001b9110 code [0x0000023c001b92c0, 0x0000023c001b94a8]
Event: 2.825 Thread 0x0000023c7fa2ed40  914       3       sun.net.www.protocol.jar.Handler::checkNestedProtocol (18 bytes)
Event: 2.825 Thread 0x0000023c7fa2ed40 nmethod 914 0x0000023c001b9590 code [0x0000023c001b9740, 0x0000023c001b9928]
Event: 2.825 Thread 0x0000023c7fa2ed40  915   !   3       java.util.jar.JarFile::getManifestFromReference (197 bytes)

GC Heap History (0 events):
No events

Deoptimization events (20 events):
Event: 2.704 Thread 0x0000023c6bee3880 Uncommon trap: trap_request=0xffffffde fr.pc=0x0000023c07b2fc8c relative=0x0000000000000d0c
Event: 2.704 Thread 0x0000023c6bee3880 Uncommon trap: reason=class_check action=maybe_recompile pc=0x0000023c07b2fc8c method=java.util.HashMap.putVal(ILjava/lang/Object;Ljava/lang/Object;ZZ)Ljava/lang/Object; @ 253 c2
Event: 2.704 Thread 0x0000023c6bee3880 DEOPT PACKING pc=0x0000023c07b2fc8c sp=0x000000d80e9fee60
Event: 2.704 Thread 0x0000023c6bee3880 DEOPT UNPACKING pc=0x0000023c07585ba3 sp=0x000000d80e9feda8 mode 2
Event: 2.731 Thread 0x0000023c6bee3880 Uncommon trap: trap_request=0xffffffde fr.pc=0x0000023c07b2fc8c relative=0x0000000000000d0c
Event: 2.731 Thread 0x0000023c6bee3880 Uncommon trap: reason=class_check action=maybe_recompile pc=0x0000023c07b2fc8c method=java.util.HashMap.putVal(ILjava/lang/Object;Ljava/lang/Object;ZZ)Ljava/lang/Object; @ 253 c2
Event: 2.731 Thread 0x0000023c6bee3880 DEOPT PACKING pc=0x0000023c07b2fc8c sp=0x000000d80e9fee60
Event: 2.731 Thread 0x0000023c6bee3880 DEOPT UNPACKING pc=0x0000023c07585ba3 sp=0x000000d80e9feda8 mode 2
Event: 2.731 Thread 0x0000023c6bee3880 Uncommon trap: trap_request=0xffffffde fr.pc=0x0000023c07b2fc8c relative=0x0000000000000d0c
Event: 2.731 Thread 0x0000023c6bee3880 Uncommon trap: reason=class_check action=maybe_recompile pc=0x0000023c07b2fc8c method=java.util.HashMap.putVal(ILjava/lang/Object;Ljava/lang/Object;ZZ)Ljava/lang/Object; @ 253 c2
Event: 2.731 Thread 0x0000023c6bee3880 DEOPT PACKING pc=0x0000023c07b2fc8c sp=0x000000d80e9fee60
Event: 2.731 Thread 0x0000023c6bee3880 DEOPT UNPACKING pc=0x0000023c07585ba3 sp=0x000000d80e9feda8 mode 2
Event: 2.732 Thread 0x0000023c6bee3880 Uncommon trap: trap_request=0xffffffde fr.pc=0x0000023c07b2fc8c relative=0x0000000000000d0c
Event: 2.732 Thread 0x0000023c6bee3880 Uncommon trap: reason=class_check action=maybe_recompile pc=0x0000023c07b2fc8c method=java.util.HashMap.putVal(ILjava/lang/Object;Ljava/lang/Object;ZZ)Ljava/lang/Object; @ 253 c2
Event: 2.732 Thread 0x0000023c6bee3880 DEOPT PACKING pc=0x0000023c07b2fc8c sp=0x000000d80e9fee60
Event: 2.732 Thread 0x0000023c6bee3880 DEOPT UNPACKING pc=0x0000023c07585ba3 sp=0x000000d80e9feda8 mode 2
Event: 2.737 Thread 0x0000023c6bee3880 Uncommon trap: trap_request=0xffffffde fr.pc=0x0000023c07b2e2c4 relative=0x0000000000000b44
Event: 2.737 Thread 0x0000023c6bee3880 Uncommon trap: reason=class_check action=maybe_recompile pc=0x0000023c07b2e2c4 method=java.util.HashMap.putVal(ILjava/lang/Object;Ljava/lang/Object;ZZ)Ljava/lang/Object; @ 253 c2
Event: 2.737 Thread 0x0000023c6bee3880 DEOPT PACKING pc=0x0000023c07b2e2c4 sp=0x000000d80e9fede0
Event: 2.737 Thread 0x0000023c6bee3880 DEOPT UNPACKING pc=0x0000023c07585ba3 sp=0x000000d80e9feda0 mode 2

Classes unloaded (0 events):
No events

Classes redefined (0 events):
No events

Internal exceptions (5 events):
Event: 1.077 Thread 0x0000023c6bee3880 Exception <a 'java/lang/NoSuchMethodError'{0x0000000714374198}: 'void java.lang.invoke.DirectMethodHandle$Holder.invokeVirtual(java.lang.Object, java.lang.Object)'> (0x0000000714374198) 
thrown [s\open\src\hotspot\share\interpreter\linkResolver.cpp, line 759]
Event: 2.216 Thread 0x0000023c6bee3880 Implicit null exception at 0x0000023c07b038af to 0x0000023c07b07eb8
Event: 2.217 Thread 0x0000023c6bee3880 Exception <a 'java/lang/NoSuchMethodError'{0x0000000713c92f38}: 'void java.lang.invoke.DirectMethodHandle$Holder.invokeStatic(java.lang.Object, java.lang.Object, java.lang.Object)'> (0x0000000713c92f38) 
thrown [s\open\src\hotspot\share\interpreter\linkResolver.cpp, line 759]
Event: 2.605 Thread 0x0000023c6bee3880 Exception <a 'java/lang/NoSuchMethodError'{0x00000007139475c0}: 'java.lang.Object java.lang.invoke.Invokers$Holder.invokeExact_MT(java.lang.Object, java.lang.Object, java.lang.Object, java.lang.Object, java.lang.Object, java.lang.Object)'> (0x00000007139475c0) 
thrown [s\open\src\hotspot\share\interpreter\linkResolver.cpp, line 759]
Event: 2.802 Thread 0x0000023c6bee3880 Exception <a 'java/lang/NoSuchMethodError'{0x00000007136c3bd0}: 'void java.lang.invoke.DirectMethodHandle$Holder.invokeStatic(java.lang.Object, java.lang.Object, java.lang.Object, java.lang.Object)'> (0x00000007136c3bd0) 
thrown [s\open\src\hotspot\share\interpreter\linkResolver.cpp, line 759]

VM Operations (18 events):
Event: 0.381 Executing VM operation: HandshakeAllThreads
Event: 0.381 Executing VM operation: HandshakeAllThreads done
Event: 0.515 Executing VM operation: HandshakeAllThreads
Event: 0.515 Executing VM operation: HandshakeAllThreads done
Event: 1.515 Executing VM operation: Cleanup
Event: 1.515 Executing VM operation: Cleanup done
Event: 2.427 Executing VM operation: HandshakeAllThreads
Event: 2.427 Executing VM operation: HandshakeAllThreads done
Event: 2.438 Executing VM operation: HandshakeAllThreads
Event: 2.438 Executing VM operation: HandshakeAllThreads done
Event: 2.454 Executing VM operation: HandshakeAllThreads
Event: 2.454 Executing VM operation: HandshakeAllThreads done
Event: 2.635 Executing VM operation: HandshakeAllThreads
Event: 2.635 Executing VM operation: HandshakeAllThreads done
Event: 2.635 Executing VM operation: Cleanup
Event: 2.636 Executing VM operation: Cleanup done
Event: 2.640 Executing VM operation: HandshakeAllThreads
Event: 2.640 Executing VM operation: HandshakeAllThreads done

Events (20 events):
Event: 2.713 loading class java/util/stream/Nodes$FixedNodeBuilder
Event: 2.728 loading class java/util/stream/Node$Builder
Event: 2.728 loading class java/util/stream/Node$Builder done
Event: 2.728 loading class java/util/stream/Nodes$ArrayNode
Event: 2.729 loading class java/util/stream/Nodes$ArrayNode done
Event: 2.729 loading class java/util/stream/Nodes$FixedNodeBuilder done
Event: 2.729 loading class sun/reflect/generics/scope/MethodScope
Event: 2.729 loading class sun/reflect/generics/scope/MethodScope done
Event: 2.729 loading class sun/reflect/generics/repository/MethodRepository
Event: 2.729 loading class sun/reflect/generics/repository/ConstructorRepository
Event: 2.729 loading class sun/reflect/generics/repository/ConstructorRepository done
Event: 2.729 loading class sun/reflect/generics/repository/MethodRepository done
Event: 2.729 loading class sun/reflect/generics/tree/MethodTypeSignature
Event: 2.729 loading class sun/reflect/generics/tree/MethodTypeSignature done
Event: 2.804 loading class java/lang/Deprecated
Event: 2.805 loading class java/lang/Deprecated done
Event: 2.805 loading class java/lang/annotation/Documented
Event: 2.805 loading class java/lang/annotation/Documented done
Event: 2.810 loading class jdk/internal/vm/annotation/IntrinsicCandidate
Event: 2.810 loading class jdk/internal/vm/annotation/IntrinsicCandidate done


Dynamic libraries:
0x00007ff69d620000 - 0x00007ff69d630000 	C:\Program Files\java\jdk-17\bin\java.exe
0x00007ff96f5b0000 - 0x00007ff96f7c6000 	C:\WINDOWS\SYSTEM32\ntdll.dll
0x00007ff96dae0000 - 0x00007ff96dba4000 	C:\WINDOWS\System32\KERNEL32.DLL
0x00007ff96cf50000 - 0x00007ff96d2f6000 	C:\WINDOWS\System32\KERNELBASE.dll
0x00007ff96c9a0000 - 0x00007ff96cab1000 	C:\WINDOWS\System32\ucrtbase.dll
0x00007ff9666c0000 - 0x00007ff9666d9000 	C:\Program Files\java\jdk-17\bin\jli.dll
0x00007ff96da20000 - 0x00007ff96dad2000 	C:\WINDOWS\System32\ADVAPI32.dll
0x00007ff96d970000 - 0x00007ff96da17000 	C:\WINDOWS\System32\msvcrt.dll
0x00007ff96dbc0000 - 0x00007ff96dc68000 	C:\WINDOWS\System32\sechost.dll
0x00007ff96ce80000 - 0x00007ff96cea8000 	C:\WINDOWS\System32\bcrypt.dll
0x00007ff96e2e0000 - 0x00007ff96e3f5000 	C:\WINDOWS\System32\RPCRT4.dll
0x00007ff96f360000 - 0x00007ff96f50d000 	C:\WINDOWS\System32\USER32.dll
0x00007ff96c8f0000 - 0x00007ff96c916000 	C:\WINDOWS\System32\win32u.dll
0x00007ff96ece0000 - 0x00007ff96ed09000 	C:\WINDOWS\System32\GDI32.dll
0x00007ff96cac0000 - 0x00007ff96cbd8000 	C:\WINDOWS\System32\gdi32full.dll
0x00007ff96ceb0000 - 0x00007ff96cf4a000 	C:\WINDOWS\System32\msvcp_win.dll
0x00007ff9675e0000 - 0x00007ff9675fb000 	C:\Program Files\java\jdk-17\bin\VCRUNTIME140.dll
0x00007ff94ff60000 - 0x00007ff9501f3000 	C:\WINDOWS\WinSxS\amd64_microsoft.windows.common-controls_6595b64144ccf1df_6.0.22621.3235_none_270f74e173860f98\COMCTL32.dll
0x00007ff963920000 - 0x00007ff96392a000 	C:\WINDOWS\SYSTEM32\VERSION.dll
0x00007ff96d680000 - 0x00007ff96d6b1000 	C:\WINDOWS\System32\IMM32.DLL
0x00007ff9666b0000 - 0x00007ff9666bc000 	C:\Program Files\java\jdk-17\bin\vcruntime140_1.dll
0x00007ff9488b0000 - 0x00007ff94893e000 	C:\Program Files\java\jdk-17\bin\msvcp140.dll
0x00007ff913e90000 - 0x00007ff914a6f000 	C:\Program Files\java\jdk-17\bin\server\jvm.dll
0x00007ff96d930000 - 0x00007ff96d938000 	C:\WINDOWS\System32\PSAPI.DLL
0x00007ff947410000 - 0x00007ff947419000 	C:\WINDOWS\SYSTEM32\WSOCK32.dll
0x00007ff96dc70000 - 0x00007ff96dce1000 	C:\WINDOWS\System32\WS2_32.dll
0x00007ff961400000 - 0x00007ff961434000 	C:\WINDOWS\SYSTEM32\WINMM.dll
0x00007ff96b8f0000 - 0x00007ff96b908000 	C:\WINDOWS\SYSTEM32\kernel.appcore.dll
0x00007ff962070000 - 0x00007ff96207a000 	C:\Program Files\java\jdk-17\bin\jimage.dll
0x00007ff96a1c0000 - 0x00007ff96a3f3000 	C:\WINDOWS\SYSTEM32\DBGHELP.DLL
0x00007ff96ee10000 - 0x00007ff96f198000 	C:\WINDOWS\System32\combase.dll
0x00007ff96d3b0000 - 0x00007ff96d487000 	C:\WINDOWS\System32\OLEAUT32.dll
0x00007ff950e00000 - 0x00007ff950e32000 	C:\WINDOWS\SYSTEM32\dbgcore.DLL
0x00007ff96c920000 - 0x00007ff96c99a000 	C:\WINDOWS\System32\bcryptPrimitives.dll
0x00007ff960160000 - 0x00007ff960185000 	C:\Program Files\java\jdk-17\bin\java.dll
0x00007ff9240f0000 - 0x00007ff9241c7000 	C:\Program Files\java\jdk-17\bin\jsvml.dll
0x00007ff96e400000 - 0x00007ff96ec5d000 	C:\WINDOWS\System32\SHELL32.dll
0x00007ff96a800000 - 0x00007ff96b0f8000 	C:\WINDOWS\SYSTEM32\windows.storage.dll
0x00007ff96a6c0000 - 0x00007ff96a7fe000 	C:\WINDOWS\SYSTEM32\wintypes.dll
0x00007ff96d7d0000 - 0x00007ff96d8c3000 	C:\WINDOWS\System32\SHCORE.dll
0x00007ff96d8d0000 - 0x00007ff96d92e000 	C:\WINDOWS\System32\shlwapi.dll
0x00007ff96c820000 - 0x00007ff96c846000 	C:\WINDOWS\SYSTEM32\profapi.dll
0x00007ff9615a0000 - 0x00007ff9615b9000 	C:\Program Files\java\jdk-17\bin\net.dll
0x00007ff966330000 - 0x00007ff966467000 	C:\WINDOWS\SYSTEM32\WINHTTP.dll
0x00007ff96bd60000 - 0x00007ff96bdc9000 	C:\WINDOWS\system32\mswsock.dll
0x00007ff948ce0000 - 0x00007ff948cf6000 	C:\Program Files\java\jdk-17\bin\nio.dll
0x00007ff948cc0000 - 0x00007ff948cd8000 	C:\Program Files\java\jdk-17\bin\zip.dll

dbghelp: loaded successfully - version: 4.0.5 - missing functions: none
symbol engine: initialized successfully - sym options: 0x614 - pdb path: .;C:\Program Files\java\jdk-17\bin;C:\WINDOWS\SYSTEM32;C:\WINDOWS\WinSxS\amd64_microsoft.windows.common-controls_6595b64144ccf1df_6.0.22621.3235_none_270f74e173860f98;C:\Program Files\java\jdk-17\bin\server

VM Arguments:
jvm_args: -Dfile.encoding=utf8 
java_command: c:\Users\THINK\.vscode\extensions\vscjava.vscode-gradle-3.13.5\lib\gradle-language-server.jar
java_class_path (initial): c:\Users\THINK\.vscode\extensions\vscjava.vscode-gradle-3.13.5\lib\gradle-language-server.jar
Launcher Type: SUN_STANDARD

[Global flags]
     intx CICompilerCount                          = 4                                         {product} {ergonomic}
     uint ConcGCThreads                            = 2                                         {product} {ergonomic}
     uint G1ConcRefinementThreads                  = 8                                         {product} {ergonomic}
   size_t G1HeapRegionSize                         = 2097152                                   {product} {ergonomic}
    uintx GCDrainStackTargetSize                   = 64                                        {product} {ergonomic}
   size_t InitialHeapSize                          = 264241152                                 {product} {ergonomic}
   size_t MarkStackSize                            = 4194304                                   {product} {ergonomic}
   size_t MaxHeapSize                              = 4213178368                                {product} {ergonomic}
   size_t MaxNewSize                               = 2527068160                                {product} {ergonomic}
   size_t MinHeapDeltaBytes                        = 2097152                                   {product} {ergonomic}
   size_t MinHeapSize                              = 8388608                                   {product} {ergonomic}
    uintx NonNMethodCodeHeapSize                   = 5839372                                {pd product} {ergonomic}
    uintx NonProfiledCodeHeapSize                  = 122909434                              {pd product} {ergonomic}
    uintx ProfiledCodeHeapSize                     = 122909434                              {pd product} {ergonomic}
    uintx ReservedCodeCacheSize                    = 251658240                              {pd product} {ergonomic}
     bool SegmentedCodeCache                       = true                                      {product} {ergonomic}
   size_t SoftMaxHeapSize                          = 4213178368                             {manageable} {ergonomic}
     bool UseCompressedClassPointers               = true                           {product lp64_product} {ergonomic}
     bool UseCompressedOops                        = true                           {product lp64_product} {ergonomic}
     bool UseG1GC                                  = true                                      {product} {ergonomic}
     bool UseLargePagesIndividualAllocation        = false                                  {pd product} {ergonomic}

Logging:
Log output configuration:
 #0: stdout all=warning uptime,level,tags
 #1: stderr all=off uptime,level,tags

Environment Variables:
JAVA_HOME=C:\Program Files\java\jdk-17
PATH=C:\Program Files\Teradata\Client\17.20\bin;C:\Program Files (x86)\Teradata\Client\17.20\bin;C:\Users\THINK\OneDrive\Desktop\WINDOWS.X64_193000_db_home\bin;C:\Program Files\Common Files\Oracle\Java\javapath;C:\WINDOWS\system32;C:\WINDOWS;C:\WINDOWS\System32\Wbem;C:\WINDOWS\System32\WindowsPowerShell\v1.0\;C:\WINDOWS\System32\OpenSSH\;C:\Program Files\Git\cmd;C:\Program Files\TortoiseGit\bin;C:\Program Files\OpenRPA\;C:\Program Files (x86)\Microsoft SQL Server\150\DTS\Binn\;C:\Users\THINK\AppData\Roaming\nvm;C:\Program Files\nodejs;C:\Program Files\Java\jdk-11.0.15\bin;C:\maven\apache-maven-3.8.6\bin;C:\Program Files\dotnet\;C:\Program Files\MongoDB\Server\6.0\bin;C:\WINDOWS\system32;C:\WINDOWS;C:\WINDOWS\System32\Wbem;C:\WINDOWS\System32\WindowsPowerShell\v1.0\;C:\WINDOWS\System32\OpenSSH\;C:\Program Files\Kubernetes\Minikube;C:\Program Files\Docker\Docker\resources\bin;C:\Users\THINK\Downloads\helm-v3.11.0-rc.2-windows-amd64\windows-amd64;C:\Program Files\MySQL\MySQL Server 8.0\bin;C:\Users\THINK\AppData\Local\Android\Sdk;C:\Users\THINK\AppData\Local\Android\Sdk\platform-tools;C:\Users\THINK\.console-ninja\.bin;C:\Users\THINK\AppData\Local\Programs\Microsoft VS Code\bin;C:\Users\THINK\AppData\Local\Android\Sdk;C:\Users\THINK\AppData\Local\Android\Sdk\platform-tools;C:\Users\THINK\AppData\Local\Android\Sdk\emulator;
USERNAME=THINK
OS=Windows_NT
PROCESSOR_IDENTIFIER=Intel64 Family 6 Model 140 Stepping 1, GenuineIntel



---------------  S Y S T E M  ---------------

OS:
 Windows 11 , 64 bit Build 22621 (10.0.22621.3235)
OS uptime: 0 days 1:52 hours
Hyper-V role detected

CPU: total 8 (initial active 8) (4 cores per cpu, 2 threads per core) family 6 model 140 stepping 1 microcode 0xb6, cx8, cmov, fxsr, ht, mmx, 3dnowpref, sse, sse2, sse3, ssse3, sse4.1, sse4.2, popcnt, lzcnt, tsc, tscinvbit, avx, avx2, aes, erms, clmul, bmi1, bmi2, adx, avx512f, avx512dq, avx512cd, avx512bw, avx512vl, sha, fma, vzeroupper, avx512_vpopcntdq, avx512_vpclmulqdq, avx512_vaes, avx512_vnni, clflush, clflushopt, clwb, avx512_vbmi2, avx512_vbmi, hv

Memory: 4k page, system-wide physical 16064M (871M free)
TotalPageFile size 26235M (AvailPageFile size 45M)
current process WorkingSet (physical memory assigned to process): 79M, peak: 79M
current process commit charge ("private bytes"): 362M, peak: 366M

vm_info: Java HotSpot(TM) 64-Bit Server VM (17.0.10+11-LTS-240) for windows-amd64 JRE (17.0.10+11-LTS-240), built on Dec 19 2023 21:47:25 by "mach5one" with MS VC++ 17.1 (VS2022)

END.
